<?xml version="1.0" encoding="UTF-8"?>
<!-- Generated by org.testng.reporters.JUnitReportReporter -->
<testsuite skipped="0" hostname="DESKTOP-TL2RU30" name="qaclickacademy.Mavenjava.SelenuimTest" tests="2" failures="0" timestamp="2021-03-15T17:23:23 CET" time="0.023" errors="0">
  <testcase name="BrowserAutomation" time="0.020" classname="qaclickacademy.Mavenjava.SelenuimTest"/>
  <system-out/>
  <testcase name="elementsUI" time="0.003" classname="qaclickacademy.Mavenjava.SelenuimTest"/>
  <system-out/>
</testsuite> <!-- qaclickacademy.Mavenjava.SelenuimTest -->
