<?xml version="1.0" encoding="UTF-8"?>
<!-- Generated by org.testng.reporters.JUnitReportReporter -->
<testsuite skipped="0" hostname="DESKTOP-TL2RU30" name="qaclickacademy.Mavenjava.AppiumTest" tests="2" failures="0" timestamp="2021-03-15T17:23:23 CET" time="0.012" errors="0">
  <testcase name="IOSApps" time="0.006" classname="qaclickacademy.Mavenjava.AppiumTest"/>
  <system-out/>
  <testcase name="NativeAPpAndroid" time="0.006" classname="qaclickacademy.Mavenjava.AppiumTest"/>
  <system-out/>
</testsuite> <!-- qaclickacademy.Mavenjava.AppiumTest -->
