<?xml version="1.0" encoding="UTF-8"?>
<!-- Generated by org.testng.reporters.JUnitReportReporter -->
<testsuite skipped="0" hostname="DESKTOP-TL2RU30" name="qaclickacademy.Mavenjava.RESTAPITest" tests="2" failures="0" timestamp="2021-03-15T17:23:23 CET" time="0.008" errors="0">
  <testcase name="postJira" time="0.003" classname="qaclickacademy.Mavenjava.RESTAPITest"/>
  <system-out/>
  <testcase name="delecteTwitter" time="0.005" classname="qaclickacademy.Mavenjava.RESTAPITest"/>
  <system-out/>
</testsuite> <!-- qaclickacademy.Mavenjava.RESTAPITest -->
