<?xml version="1.0" encoding="UTF-8"?>
<!-- Generated by org.testng.reporters.JUnitReportReporter -->
<testsuite hostname="DESKTOP-TL2RU30" name="qaclickacademy.Mavenjava.SelenuimTest" tests="2" failures="0" timestamp="12 Mar 2021 17:50:53 GMT" time="0.000" errors="0">
  <testcase name="BrowserAutomation" time="0.000" classname="qaclickacademy.Mavenjava.SelenuimTest"/>
  <testcase name="elementsUI" time="0.000" classname="qaclickacademy.Mavenjava.SelenuimTest"/>
</testsuite> <!-- qaclickacademy.Mavenjava.SelenuimTest -->
