<?xml version="1.0" encoding="UTF-8"?>
<!-- Generated by org.testng.reporters.JUnitReportReporter -->
<testsuite hostname="DESKTOP-TL2RU30" name="qaclickacademy.Mavenjava.AppiumTest" tests="2" failures="0" timestamp="12 Mar 2021 17:50:53 GMT" time="0.013" errors="0">
  <testcase name="NativeAPpAndroid" time="0.000" classname="qaclickacademy.Mavenjava.AppiumTest"/>
  <testcase name="IOSApps" time="0.013" classname="qaclickacademy.Mavenjava.AppiumTest"/>
</testsuite> <!-- qaclickacademy.Mavenjava.AppiumTest -->
