<?xml version="1.0" encoding="UTF-8"?>
<!-- Generated by org.testng.reporters.JUnitReportReporter -->
<testsuite hostname="DESKTOP-TL2RU30" name="qaclickacademy.Mavenjava.RESTAPITest" tests="2" failures="0" timestamp="12 Mar 2021 17:50:53 GMT" time="0.001" errors="0">
  <testcase name="delecteTwitter" time="0.001" classname="qaclickacademy.Mavenjava.RESTAPITest"/>
  <testcase name="postJira" time="0.000" classname="qaclickacademy.Mavenjava.RESTAPITest"/>
</testsuite> <!-- qaclickacademy.Mavenjava.RESTAPITest -->
